  Action.cpp
  Animation.cpp
  Assets.cpp
  Entity.cpp
  EntityManager.cpp
  GameEngine.cpp
  Scene.cpp
  Scene_Editor.cpp
C:\Users\Jephthah\Projects\COMP4300\2022-12-15 - Final Project\src\Animation.cpp(49,76): warning C4267: 'initializing': conversion from 'size_t' to 'int', possible loss of data
C:\Users\Jephthah\Projects\COMP4300\2022-12-15 - Final Project\src\Animation.cpp(71,77): warning C4267: 'initializing': conversion from 'size_t' to 'int', possible loss of data
C:\Users\Jephthah\Projects\COMP4300\2022-12-15 - Final Project\src\Scene_Editor.cpp(758,86): warning C4267: '=': conversion from 'size_t' to 'int', possible loss of data
  Scene_Menu.cpp
  Scene_Overworld.cpp
  Scene_Play.cpp
  main.cpp
  Physics.cpp
  Vec2.cpp
C:\Users\Jephthah\Projects\COMP4300\2022-12-15 - Final Project\src\Scene_Play.cpp(240,43): warning C4267: '=': conversion from 'size_t' to 'int', possible loss of data
C:\Users\Jephthah\Projects\COMP4300\2022-12-15 - Final Project\src\Scene_Play.cpp(251,52): warning C4267: '=': conversion from 'size_t' to 'int', possible loss of data
C:\Users\Jephthah\Projects\COMP4300\2022-12-15 - Final Project\src\Scene_Play.cpp(265,48): warning C4267: '=': conversion from 'size_t' to 'int', possible loss of data
C:\Users\Jephthah\Projects\COMP4300\2022-12-15 - Final Project\src\Scene_Play.cpp(280,50): warning C4267: '=': conversion from 'size_t' to 'int', possible loss of data
C:\Users\Jephthah\Projects\COMP4300\2022-12-15 - Final Project\src\Scene_Play.cpp(1116,57): warning C4305: 'argument': truncation from 'double' to 'T'
          with
          [
              T=float
          ]
C:\Users\Jephthah\Projects\COMP4300\2022-12-15 - Final Project\src\Entity.h(69,5): warning C4267: 'argument': conversion from 'size_t' to 'int', possible loss of data (compiling source file ..\src\Scene_Play.cpp)
C:\Users\Jephthah\Projects\COMP4300\2022-12-15 - Final Project\src\Scene_Play.cpp(223): message : see reference to function template instantiation 'T &Entity::addComponent<CLifeSpan,int&,size_t&>(int &,size_t &)' being compiled
          with
          [
              T=CLifeSpan
          ]
C:\Users\Jephthah\Projects\COMP4300\2022-12-15 - Final Project\src\Scene_Overworld.cpp(76): warning C4715: 'Scene_Overworld::loadShaders': not all control paths return a value
  SFMLGame.vcxproj -> C:\Users\Jephthah\Projects\COMP4300\2022-12-15 - Final Project\bin\SFMLGame_d.exe
