c:\users\jephthah\projects\comp4300\2022-12-15 - final project\visualstudio\x64\debug\scene.obj
c:\users\jephthah\projects\comp4300\2022-12-15 - final project\visualstudio\x64\debug\vec2.obj
c:\users\jephthah\projects\comp4300\2022-12-15 - final project\visualstudio\x64\debug\assets.obj
c:\users\jephthah\projects\comp4300\2022-12-15 - final project\visualstudio\x64\debug\entitymanager.obj
c:\users\jephthah\projects\comp4300\2022-12-15 - final project\visualstudio\x64\debug\physics.obj
c:\users\jephthah\projects\comp4300\2022-12-15 - final project\visualstudio\x64\debug\action.obj
c:\users\jephthah\projects\comp4300\2022-12-15 - final project\visualstudio\x64\debug\scene_play.obj
c:\users\jephthah\projects\comp4300\2022-12-15 - final project\visualstudio\x64\debug\entity.obj
c:\users\jephthah\projects\comp4300\2022-12-15 - final project\visualstudio\x64\debug\scene_overworld.obj
c:\users\jephthah\projects\comp4300\2022-12-15 - final project\visualstudio\x64\debug\gameengine.obj
c:\users\jephthah\projects\comp4300\2022-12-15 - final project\visualstudio\x64\debug\scene_editor.obj
c:\users\jephthah\projects\comp4300\2022-12-15 - final project\visualstudio\x64\debug\main.obj
c:\users\jephthah\projects\comp4300\2022-12-15 - final project\visualstudio\x64\debug\animation.obj
c:\users\jephthah\projects\comp4300\2022-12-15 - final project\visualstudio\x64\debug\scene_menu.obj
c:\users\jephthah\projects\comp4300\2022-12-15 - final project\visualstudio\x64\debug\vc143.pdb
c:\users\jephthah\projects\comp4300\2022-12-15 - final project\visualstudio\x64\debug\vc143.idb
c:\users\jephthah\projects\comp4300\2022-12-15 - final project\visualstudio\x64\debug\sfmlgame.tlog\cl.command.1.tlog
c:\users\jephthah\projects\comp4300\2022-12-15 - final project\visualstudio\x64\debug\sfmlgame.tlog\cl.read.1.tlog
c:\users\jephthah\projects\comp4300\2022-12-15 - final project\visualstudio\x64\debug\sfmlgame.tlog\cl.write.1.tlog
c:\users\jephthah\projects\comp4300\2022-12-15 - final project\visualstudio\x64\debug\sfmlgame.tlog\link-cvtres.read.1.tlog
c:\users\jephthah\projects\comp4300\2022-12-15 - final project\visualstudio\x64\debug\sfmlgame.tlog\link-cvtres.write.1.tlog
c:\users\jephthah\projects\comp4300\2022-12-15 - final project\visualstudio\x64\debug\sfmlgame.tlog\link-rc.read.1.tlog
c:\users\jephthah\projects\comp4300\2022-12-15 - final project\visualstudio\x64\debug\sfmlgame.tlog\link-rc.write.1.tlog
c:\users\jephthah\projects\comp4300\2022-12-15 - final project\visualstudio\x64\debug\sfmlgame.tlog\link.command.1.tlog
c:\users\jephthah\projects\comp4300\2022-12-15 - final project\visualstudio\x64\debug\sfmlgame.tlog\link.read.1.tlog
c:\users\jephthah\projects\comp4300\2022-12-15 - final project\visualstudio\x64\debug\sfmlgame.tlog\link.read.2.tlog
c:\users\jephthah\projects\comp4300\2022-12-15 - final project\visualstudio\x64\debug\sfmlgame.tlog\link.write.1.tlog
