c:\users\jephthah\projects\comp4300\2022-12-15 - final project\visualstudio\x64\release\entity.obj
c:\users\jephthah\projects\comp4300\2022-12-15 - final project\visualstudio\x64\release\main.obj
c:\users\jephthah\projects\comp4300\2022-12-15 - final project\visualstudio\x64\release\scene_editor.obj
c:\users\jephthah\projects\comp4300\2022-12-15 - final project\visualstudio\x64\release\action.obj
c:\users\jephthah\projects\comp4300\2022-12-15 - final project\visualstudio\x64\release\scene_overworld.obj
c:\users\jephthah\projects\comp4300\2022-12-15 - final project\visualstudio\x64\release\entitymanager.obj
c:\users\jephthah\projects\comp4300\2022-12-15 - final project\visualstudio\x64\release\physics.obj
c:\users\jephthah\projects\comp4300\2022-12-15 - final project\visualstudio\x64\release\animation.obj
c:\users\jephthah\projects\comp4300\2022-12-15 - final project\visualstudio\x64\release\scene_menu.obj
c:\users\jephthah\projects\comp4300\2022-12-15 - final project\visualstudio\x64\release\gameengine.obj
c:\users\jephthah\projects\comp4300\2022-12-15 - final project\visualstudio\x64\release\assets.obj
c:\users\jephthah\projects\comp4300\2022-12-15 - final project\visualstudio\x64\release\vec2.obj
c:\users\jephthah\projects\comp4300\2022-12-15 - final project\visualstudio\x64\release\scene.obj
c:\users\jephthah\projects\comp4300\2022-12-15 - final project\visualstudio\x64\release\scene_play.obj
c:\users\jephthah\projects\comp4300\2022-12-15 - final project\visualstudio\x64\release\vc143.pdb
c:\users\jephthah\projects\comp4300\2022-12-15 - final project\bin\sfmlgame.exe
c:\users\jephthah\projects\comp4300\2022-12-15 - final project\visualstudio\x64\release\sfmlgame.ipdb
c:\users\jephthah\projects\comp4300\2022-12-15 - final project\bin\sfmlgame.pdb
c:\users\jephthah\projects\comp4300\2022-12-15 - final project\visualstudio\x64\release\sfmlgame.iobj
c:\users\jephthah\projects\comp4300\2022-12-15 - final project\visualstudio\x64\release\sfmlgame.tlog\cl.command.1.tlog
c:\users\jephthah\projects\comp4300\2022-12-15 - final project\visualstudio\x64\release\sfmlgame.tlog\cl.read.1.tlog
c:\users\jephthah\projects\comp4300\2022-12-15 - final project\visualstudio\x64\release\sfmlgame.tlog\cl.write.1.tlog
c:\users\jephthah\projects\comp4300\2022-12-15 - final project\visualstudio\x64\release\sfmlgame.tlog\link.command.1.tlog
c:\users\jephthah\projects\comp4300\2022-12-15 - final project\visualstudio\x64\release\sfmlgame.tlog\link.read.1.tlog
c:\users\jephthah\projects\comp4300\2022-12-15 - final project\visualstudio\x64\release\sfmlgame.tlog\link.write.1.tlog
