  Action.cpp
  Animation.cpp
  Assets.cpp
  Entity.cpp
  EntityManager.cpp
  GameEngine.cpp
  Scene.cpp
  Scene_Editor.cpp
  Scene_Menu.cpp
  Scene_Overworld.cpp
  Scene_Play.cpp
  main.cpp
C:\Users\brend\OneDrive\Desktop\FinalProject\2022-12-15 - Final Project\src\Animation.cpp(49,76): warning C4267: 'initializing': conversion from 'size_t' to 'int', possible loss of data
C:\Users\brend\OneDrive\Desktop\FinalProject\2022-12-15 - Final Project\src\Animation.cpp(71,77): warning C4267: 'initializing': conversion from 'size_t' to 'int', possible loss of data
C:\Users\brend\OneDrive\Desktop\FinalProject\2022-12-15 - Final Project\src\Scene_Editor.cpp(957,86): warning C4267: '=': conversion from 'size_t' to 'int', possible loss of data
C:\Users\brend\OneDrive\Desktop\FinalProject\2022-12-15 - Final Project\src\Scene_Play.cpp(89,13): warning C4101: 'y1': unreferenced local variable
C:\Users\brend\OneDrive\Desktop\FinalProject\2022-12-15 - Final Project\src\Scene_Play.cpp(89,9): warning C4101: 'x1': unreferenced local variable
C:\Users\brend\OneDrive\Desktop\FinalProject\2022-12-15 - Final Project\src\Scene_Play.cpp(326,54): warning C4267: '=': conversion from 'size_t' to 'int', possible loss of data
C:\Users\brend\OneDrive\Desktop\FinalProject\2022-12-15 - Final Project\src\Scene_Play.cpp(348,54): warning C4267: '=': conversion from 'size_t' to 'int', possible loss of data
C:\Users\brend\OneDrive\Desktop\FinalProject\2022-12-15 - Final Project\src\Scene_Play.cpp(362,47): warning C4267: '=': conversion from 'size_t' to 'int', possible loss of data
C:\Users\brend\OneDrive\Desktop\FinalProject\2022-12-15 - Final Project\src\Scene_Play.cpp(373,56): warning C4267: '=': conversion from 'size_t' to 'int', possible loss of data
C:\Users\brend\OneDrive\Desktop\FinalProject\2022-12-15 - Final Project\src\Scene_Play.cpp(388,52): warning C4267: '=': conversion from 'size_t' to 'int', possible loss of data
C:\Users\brend\OneDrive\Desktop\FinalProject\2022-12-15 - Final Project\src\Scene_Play.cpp(411,54): warning C4267: '=': conversion from 'size_t' to 'int', possible loss of data
  Physics.cpp
  Vec2.cpp
C:\Users\brend\OneDrive\Desktop\FinalProject\2022-12-15 - Final Project\src\Entity.h(73,5): warning C4267: 'argument': conversion from 'size_t' to 'int', possible loss of data (compiling source file ..\src\Scene_Play.cpp)
C:\Users\brend\OneDrive\Desktop\FinalProject\2022-12-15 - Final Project\src\Scene_Play.cpp(308): message : see reference to function template instantiation 'T &Entity::addComponent<CLifeSpan,int&,size_t&>(int &,size_t &)' being compiled
          with
          [
              T=CLifeSpan
          ]
  SFMLGame.vcxproj -> C:\Users\brend\OneDrive\Desktop\FinalProject\2022-12-15 - Final Project\bin\SFMLGame_d.exe
