c:\users\owner\documents\c4300\comp4300_a3_ncfrench\visualstudio\x64\debug\assets.obj
c:\users\owner\documents\c4300\comp4300_a3_ncfrench\visualstudio\x64\debug\gameengine.obj
c:\users\owner\documents\c4300\comp4300_a3_ncfrench\visualstudio\x64\debug\entity.obj
c:\users\owner\documents\c4300\comp4300_a3_ncfrench\visualstudio\x64\debug\scene_play.obj
c:\users\owner\documents\c4300\comp4300_a3_ncfrench\visualstudio\x64\debug\animation.obj
c:\users\owner\documents\c4300\comp4300_a3_ncfrench\visualstudio\x64\debug\action.obj
c:\users\owner\documents\c4300\comp4300_a3_ncfrench\visualstudio\x64\debug\main.obj
c:\users\owner\documents\c4300\comp4300_a3_ncfrench\visualstudio\x64\debug\entitymanager.obj
c:\users\owner\documents\c4300\comp4300_a3_ncfrench\visualstudio\x64\debug\vec2.obj
c:\users\owner\documents\c4300\comp4300_a3_ncfrench\visualstudio\x64\debug\scene.obj
c:\users\owner\documents\c4300\comp4300_a3_ncfrench\visualstudio\x64\debug\scene_menu.obj
c:\users\owner\documents\c4300\comp4300_a3_ncfrench\visualstudio\x64\debug\physics.obj
c:\users\owner\documents\c4300\comp4300_a3_ncfrench\visualstudio\x64\debug\vc143.pdb
c:\users\owner\documents\c4300\comp4300_a3_ncfrench\visualstudio\x64\debug\vc143.idb
c:\users\brend\onedrive\desktop\finalproject\2022-12-15 - final project\visualstudio\x64\debug\gameengine.obj
c:\users\brend\onedrive\desktop\finalproject\2022-12-15 - final project\visualstudio\x64\debug\vec2.obj
c:\users\brend\onedrive\desktop\finalproject\2022-12-15 - final project\visualstudio\x64\debug\scene_play.obj
c:\users\brend\onedrive\desktop\finalproject\2022-12-15 - final project\visualstudio\x64\debug\entitymanager.obj
c:\users\brend\onedrive\desktop\finalproject\2022-12-15 - final project\visualstudio\x64\debug\entity.obj
c:\users\brend\onedrive\desktop\finalproject\2022-12-15 - final project\visualstudio\x64\debug\assets.obj
c:\users\brend\onedrive\desktop\finalproject\2022-12-15 - final project\visualstudio\x64\debug\action.obj
c:\users\brend\onedrive\desktop\finalproject\2022-12-15 - final project\visualstudio\x64\debug\main.obj
c:\users\brend\onedrive\desktop\finalproject\2022-12-15 - final project\visualstudio\x64\debug\animation.obj
c:\users\brend\onedrive\desktop\finalproject\2022-12-15 - final project\visualstudio\x64\debug\scene.obj
c:\users\brend\onedrive\desktop\finalproject\2022-12-15 - final project\visualstudio\x64\debug\physics.obj
c:\users\brend\onedrive\desktop\finalproject\2022-12-15 - final project\visualstudio\x64\debug\scene_menu.obj
c:\users\brend\onedrive\desktop\finalproject\2022-12-15 - final project\visualstudio\x64\debug\vc143.pdb
c:\users\brend\onedrive\desktop\finalproject\2022-12-15 - final project\visualstudio\x64\debug\vc143.idb
c:\users\owner\documents\c4300\comp4300_a3_ncfrench\bin\sfmlgame_d.exe
c:\users\owner\documents\c4300\comp4300_a3_ncfrench\visualstudio\x64\debug\sfmlgame_d.ilk
c:\users\owner\documents\c4300\comp4300_a3_ncfrench\bin\sfmlgame_d.pdb
c:\users\brend\onedrive\desktop\finalproject\2022-12-15 - final project\visualstudio\x64\debug\sfmlgame.tlog\cl.command.1.tlog
c:\users\brend\onedrive\desktop\finalproject\2022-12-15 - final project\visualstudio\x64\debug\sfmlgame.tlog\cl.read.1.tlog
c:\users\brend\onedrive\desktop\finalproject\2022-12-15 - final project\visualstudio\x64\debug\sfmlgame.tlog\cl.write.1.tlog
c:\users\brend\onedrive\desktop\finalproject\2022-12-15 - final project\visualstudio\x64\debug\sfmlgame.tlog\link-cvtres.read.1.tlog
c:\users\brend\onedrive\desktop\finalproject\2022-12-15 - final project\visualstudio\x64\debug\sfmlgame.tlog\link-cvtres.write.1.tlog
c:\users\brend\onedrive\desktop\finalproject\2022-12-15 - final project\visualstudio\x64\debug\sfmlgame.tlog\link-rc.read.1.tlog
c:\users\brend\onedrive\desktop\finalproject\2022-12-15 - final project\visualstudio\x64\debug\sfmlgame.tlog\link-rc.write.1.tlog
c:\users\brend\onedrive\desktop\finalproject\2022-12-15 - final project\visualstudio\x64\debug\sfmlgame.tlog\link.command.1.tlog
c:\users\brend\onedrive\desktop\finalproject\2022-12-15 - final project\visualstudio\x64\debug\sfmlgame.tlog\link.read.1.tlog
c:\users\brend\onedrive\desktop\finalproject\2022-12-15 - final project\visualstudio\x64\debug\sfmlgame.tlog\link.read.2.tlog
c:\users\brend\onedrive\desktop\finalproject\2022-12-15 - final project\visualstudio\x64\debug\sfmlgame.tlog\link.write.1.tlog
